<?xml version="1.0" encoding="UTF-8"?>
<!-- Generated by org.testng.reporters.JUnitReportReporter -->
<testsuite hostname="MT-3KFN6L3" failures="0" tests="1" name="com.Mindtree.Runner.Runner" time="20.298" errors="0" timestamp="2022-07-30T12:30:58 IST" skipped="0">
  <testcase classname="com.Mindtree.Runner.Runner" name="createAccount" time="20.298"/>
  <system-out/>
</testsuite> <!-- com.Mindtree.Runner.Runner -->
